<?xml version="1.0" encoding="UTF-8"?>
<!-- Generated by org.testng.reporters.JUnitXMLReporter -->
<testsuite hostname="DESKTOP-2D5KLV5" ignored="0" name="Smoke Testcases" tests="1" failures="1" timestamp="14 Jan 2018 19:35:52 GMT" time="0.1" errors="0">
  <testcase name="LoginApp" time="0.015" classname="pageobjecttestcases.SampleTest">
    <failure type="java.io.FileNotFoundException" message="C:\Apps\DebitCards\src\main\java\Banking\global.properties (The system cannot find the path specified)">
      <![CDATA[java.io.FileNotFoundException: C:\Apps\DebitCards\src\main\java\Banking\global.properties (The system cannot find the path specified)
	at java.io.FileInputStream.open0(Native Method)
	at java.io.FileInputStream.open(Unknown Source)
	at java.io.FileInputStream.<init>(Unknown Source)
	at java.io.FileInputStream.<init>(Unknown Source)
	at Banking.testBase.setup(testBase.java:25)
	at pageobjecttestcases.SampleTest.LoginApp(SampleTest.java:30)
... Removed 25 stack frames]]>
    </failure>
  </testcase> <!-- LoginApp -->
</testsuite> <!-- Smoke Testcases -->
